{
  type: 'l3snapshot',
  market: 'SOL-PERP',
  timestamp: '2022-07-04T02:33:28.966Z',
  slot: 140114995,
  version: 1,
  asks: [
    {
      orderId: '61261637068789797659355',
      clientId: '0',
      side: 'sell',
      price: '33.21',
      size: '3.00',
      account: '5tz1u8ZnzESiyX9c5V13HBmBQ2qoXPtCenCyJRKTt8JR',
      accountSlot: 2,
      eventTimestamp: '2022-07-04T02:33:23.000Z'
    },
    {
      orderId: '61280083812863507211065',
      clientId: '1656367206890',
      side: 'sell',
      price: '33.22',
      size: '6.80',
      account: 'AoQJZaoTePWwgvHG4MTtUZ3N9Eqkxny25vpFmJYzSAvM',
      accountSlot: 12,
      eventTimestamp: '2022-07-04T02:33:27.000Z',
      expiryTimestamp: '2022-07-04T02:33:28.000Z'
    },
    {
      orderId: '61298530556937216762628',
      clientId: '2',
      side: 'sell',
      price: '33.23',
      size: '43.52',
      account: '2Fgjpc7bp9jpiTRKSVSsiAcexw8Cawbz7GLJu8MamS9q',
      accountSlot: 30,
      eventTimestamp: '2022-07-04T02:33:27.000Z',
      expiryTimestamp: '2022-07-04T02:33:30.000Z'
    },
    {
      orderId: '61316977301010926314246',
      clientId: '4',
      side: 'sell',
      price: '33.24',
      size: '436.88',
      account: '2Fgjpc7bp9jpiTRKSVSsiAcexw8Cawbz7GLJu8MamS9q',
      accountSlot: 31,
      eventTimestamp: '2022-07-04T02:33:27.000Z',
      expiryTimestamp: '2022-07-04T02:33:30.000Z'
    },
    {
      orderId: '61353870789158345415625',
      clientId: '2',
      side: 'sell',
      price: '33.26',
      size: '0.35',
      account: '4Z7q8w7Wt4Q7P9em4S4pvYoLuQkueVpRznMUpFf112uB',
      accountSlot: 4,
      eventTimestamp: '2022-07-04T02:32:49.000Z'
    },
    {
      orderId: '61353870789158345417455',
      clientId: '1656902002813',
      side: 'sell',
      price: '33.26',
      size: '300.00',
      account: '3CTtZ55HfK4VdwXn4K54W5mdwjp4rg2E28BkRohQZa9d',
      accountSlot: 1,
      eventTimestamp: '2022-07-04T02:33:26.000Z',
      expiryTimestamp: '2022-07-04T02:33:34.000Z'
    },
    {
      orderId: '61372317533232054968613',
      clientId: '1656901993947',
      side: 'sell',
      price: '33.27',
      size: '5.52',
      account: '2dsrA7ETVEcu8d9CN1bSWKtMgTru8hoRnLFZBvzCBSmx',
      accountSlot: 2,
      eventTimestamp: '2022-07-04T02:33:16.000Z'
    },
    {
      orderId: '61390764277305764520702',
      clientId: '1656902006378',
      side: 'sell',
      price: '33.28',
      size: '20.00',
      account: 'J7hzDikx3hQMHftxPRExCWJJCJqmSMMvK6jXPm48aE9o',
      accountSlot: 1,
      eventTimestamp: '2022-07-04T02:33:27.000Z',
      expiryTimestamp: '2022-07-04T02:33:40.000Z'
    },
    {
      orderId: '61390764277305764520751',
      clientId: '1656865594644',
      side: 'sell',
      price: '33.28',
      size: '766.69',
      account: '4rm5QCgFPm4d37MCawNypngV4qPWv4D5tw57KE2qUcLE',
      accountSlot: 1,
      eventTimestamp: '2022-07-04T02:33:27.000Z',
      expiryTimestamp: '2022-07-04T02:33:28.000Z'
    },
    {
      orderId: '61409211021379474072335',
      clientId: '1656865424786',
      side: 'sell',
      price: '33.29',
      size: '315.42',
      account: 'BidB8zwLLWADJwEDT7m1KfwZ8GWVMSDHFSMgUVtHBr9C',
      accountSlot: 8,
      eventTimestamp: '2022-07-04T02:33:27.000Z',
      expiryTimestamp: '2022-07-04T02:33:31.000Z'
    },
    {
      orderId: '61427657765453183623943',
      clientId: '6',
      side: 'sell',
      price: '33.30',
      size: '451.83',
      account: '2Fgjpc7bp9jpiTRKSVSsiAcexw8Cawbz7GLJu8MamS9q',
      accountSlot: 32,
      eventTimestamp: '2022-07-04T02:33:27.000Z',
      expiryTimestamp: '2022-07-04T02:33:35.000Z'
    },
    {
      orderId: '61446104509526893175409',
      clientId: '0',
      side: 'sell',
      price: '33.31',
      size: '91.99',
      account: '8QGxM5xTNE9BNzZDtC4eSPF7HLkPXmfdqQKGCa36p1C6',
      accountSlot: 21,
      eventTimestamp: '2022-07-04T02:33:20.000Z',
      expiryTimestamp: '2022-07-04T02:33:28.000Z'
    },
    {
      orderId: '61464551253600602727216',
      clientId: '1656865594644',
      side: 'sell',
      price: '33.32',
      size: '766.69',
      account: '4rm5QCgFPm4d37MCawNypngV4qPWv4D5tw57KE2qUcLE',
      accountSlot: 2,
      eventTimestamp: '2022-07-04T02:33:27.000Z',
      expiryTimestamp: '2022-07-04T02:33:30.000Z'
    },
    {
      orderId: '61482997997674312276938',
      clientId: '4',
      side: 'sell',
      price: '33.33',
      size: '0.35',
      account: '4Z7q8w7Wt4Q7P9em4S4pvYoLuQkueVpRznMUpFf112uB',
      accountSlot: 5,
      eventTimestamp: '2022-07-04T02:32:49.000Z'
    },
    {
      orderId: '61501444741748021830259',
      clientId: '0',
      side: 'sell',
      price: '33.34',
      size: '91.99',
      account: '8QGxM5xTNE9BNzZDtC4eSPF7HLkPXmfdqQKGCa36p1C6',
      accountSlot: 23,
      eventTimestamp: '2022-07-04T02:33:20.000Z',
      expiryTimestamp: '2022-07-04T02:33:29.000Z'
    },
    {
      orderId: '61593678462116569586635',
      clientId: '6',
      side: 'sell',
      price: '33.39',
      size: '0.35',
      account: '4Z7q8w7Wt4Q7P9em4S4pvYoLuQkueVpRznMUpFf112uB',
      accountSlot: 6,
      eventTimestamp: '2022-07-04T02:32:49.000Z'
    },
    {
      orderId: '61612125206190279140145',
      clientId: '1656865594644',
      side: 'sell',
      price: '33.40',
      size: '1533.38',
      account: '4rm5QCgFPm4d37MCawNypngV4qPWv4D5tw57KE2qUcLE',
      accountSlot: 5,
      eventTimestamp: '2022-07-04T02:33:27.000Z',
      expiryTimestamp: '2022-07-04T02:33:33.000Z'
    },
    {
      orderId: '61704358926558826898192',
      clientId: '1656865424786',
      side: 'sell',
      price: '33.45',
      size: '315.42',
      account: 'BidB8zwLLWADJwEDT7m1KfwZ8GWVMSDHFSMgUVtHBr9C',
      accountSlot: 9,
      eventTimestamp: '2022-07-04T02:33:27.000Z',
      expiryTimestamp: '2022-07-04T02:33:33.000Z'
    },
    {
      orderId: '61722805670632536447948',
      clientId: '8',
      side: 'sell',
      price: '33.46',
      size: '0.35',
      account: '4Z7q8w7Wt4Q7P9em4S4pvYoLuQkueVpRznMUpFf112uB',
      accountSlot: 7,
      eventTimestamp: '2022-07-04T02:32:49.000Z'
    },
    {
      orderId: '61722805670632536449800',
      clientId: '8',
      side: 'sell',
      price: '33.46',
      size: '451.83',
      account: '2Fgjpc7bp9jpiTRKSVSsiAcexw8Cawbz7GLJu8MamS9q',
      accountSlot: 33,
      eventTimestamp: '2022-07-04T02:33:27.000Z',
      expiryTimestamp: '2022-07-04T02:33:55.000Z'
    },
    {
      orderId: '61741252414706245982627',
      clientId: '46',
      side: 'sell',
      price: '33.47',
      size: '1.83',
      account: '99syUPuV5dSYJPfar9YRybZgrzk7GEGL5oSpXMyVi3jM',
      accountSlot: 1,
      eventTimestamp: '2022-07-04T02:27:22.000Z'
    },
    {
      orderId: '61796592646927374386073',
      clientId: '1656896783885',
      side: 'sell',
      price: '33.50',
      size: '500.00',
      account: 'DS38GuvrXEG5s8Xst9frNFnfNojLAPcnRg6EJ2CvuzBN',
      accountSlot: 2,
      eventTimestamp: '2022-07-04T01:06:31.000Z'
    },
    {
      orderId: '61796592646927374412490',
      clientId: '1656897312864',
      side: 'sell',
      price: '33.50',
      size: '30.00',
      account: '27UqsxFZ3yNPnuaX2BnFCztirwMeqCe6TveuS8z1bw1D',
      accountSlot: 0,
      eventTimestamp: '2022-07-04T01:15:19.000Z'
    },
    {
      orderId: '61870379623222212862581',
      clientId: '0',
      side: 'sell',
      price: '33.54',
      size: '902.89',
      account: '8QGxM5xTNE9BNzZDtC4eSPF7HLkPXmfdqQKGCa36p1C6',
      accountSlot: 27,
      eventTimestamp: '2022-07-04T02:33:20.000Z',
      expiryTimestamp: '2022-07-04T02:33:33.000Z'
    },
    {
      orderId: '62036400319885598565655',
      clientId: '45',
      side: 'sell',
      price: '33.63',
      size: '1.71',
      account: 'CEtAUzgkvhQSCqPVKvb75CEsRJkEdEmVpRbn44jUgQzw',
      accountSlot: 0,
      eventTimestamp: '2022-07-04T01:09:20.000Z'
    },
    {
      orderId: '62036400319885598568127',
      clientId: '1656897010471',
      side: 'sell',
      price: '33.63',
      size: '30.42',
      account: '9QQsurwBWw6FR7cqHS4u2yNtXHnYMafFXwWwWaSFFBEU',
      accountSlot: 4,
      eventTimestamp: '2022-07-04T01:10:24.000Z'
    },
    {
      orderId: '62165527528401565305600',
      clientId: '47',
      side: 'sell',
      price: '33.70',
      size: '1.83',
      account: '99syUPuV5dSYJPfar9YRybZgrzk7GEGL5oSpXMyVi3jM',
      accountSlot: 2,
      eventTimestamp: '2022-07-04T00:34:26.000Z'
    },
    {
      orderId: '62202421016548984571220',
      clientId: '27',
      side: 'sell',
      price: '33.72',
      size: '1.42',
      account: 'CkaPrr2zZfvHowp3Nwp5FqVkxtG4cNEtdRsRdGk7HyAa',
      accountSlot: 0,
      eventTimestamp: '2022-07-04T01:23:11.000Z'
    },
    {
      orderId: '62202421016548984571526',
      clientId: '27',
      side: 'sell',
      price: '33.72',
      size: '2.85',
      account: 'F9azxneHuhpWxGeUqKPFwfnHHApVGazziqPCfKX7P9Ft',
      accountSlot: 0,
      eventTimestamp: '2022-07-04T01:23:17.000Z'
    },
    {
      orderId: '62294654736917532549905',
      clientId: '1656865424786',
      side: 'sell',
      price: '33.77',
      size: '306.07',
      account: 'BidB8zwLLWADJwEDT7m1KfwZ8GWVMSDHFSMgUVtHBr9C',
      accountSlot: 11,
      eventTimestamp: '2022-07-04T02:33:27.000Z',
      expiryTimestamp: '2022-07-04T02:33:36.000Z'
    },
    {
      orderId: '62460675433580918091956',
      clientId: '1656894206943',
      side: 'sell',
      price: '33.86',
      size: '2.00',
      account: 'Eg8Sv8mdfD6vYTLHEbvFxtcLccnPABu3XvnDDP6ExWwe',
      accountSlot: 0,
      eventTimestamp: '2022-07-04T00:23:35.000Z'
    },
    {
      orderId: '62479122177654628060893',
      clientId: '1656901902122',
      side: 'sell',
      price: '33.87',
      size: '361.70',
      account: 'EGZ3U8YE4XSEwo3yyDuvi7AAUknmT4XijjLjpZm1RgiF',
      accountSlot: 7,
      eventTimestamp: '2022-07-04T02:31:43.000Z',
      expiryTimestamp: '2022-07-04T02:35:57.000Z'
    },
    {
      orderId: '62516015665802043513589',
      clientId: '1656827621688',
      side: 'sell',
      price: '33.89',
      size: '889.13',
      account: 'EUfb79LYCyyTydE19iHyUWd6eY8A6mXEKQG95X2oU3xw',
      accountSlot: 2,
      eventTimestamp: '2022-07-03T05:53:51.000Z'
    },
    {
      orderId: '62534462409875756093940',
      clientId: '1656890477182',
      side: 'sell',
      price: '33.90',
      size: '5.00',
      account: '57pk6FGBZBXYPoLsdkqTe1dbSyCjXQjepBbnjbJjyjcq',
      accountSlot: 1,
      eventTimestamp: '2022-07-03T23:21:29.000Z'
    },
    {
      orderId: '62589802642096883385753',
      clientId: '46',
      side: 'sell',
      price: '33.93',
      size: '1.71',
      account: 'CEtAUzgkvhQSCqPVKvb75CEsRJkEdEmVpRbn44jUgQzw',
      accountSlot: 6,
      eventTimestamp: '2022-07-03T16:15:15.000Z'
    },
    {
      orderId: '62608249386170593428762',
      clientId: '48',
      side: 'sell',
      price: '33.94',
      size: '1.83',
      account: '99syUPuV5dSYJPfar9YRybZgrzk7GEGL5oSpXMyVi3jM',
      accountSlot: 5,
      eventTimestamp: '2022-07-03T18:56:12.000Z'
    },
    {
      orderId: '62645142874318013739646',
      clientId: '1656896421628',
      side: 'sell',
      price: '33.96',
      size: '3.00',
      account: 'Eg8Sv8mdfD6vYTLHEbvFxtcLccnPABu3XvnDDP6ExWwe',
      accountSlot: 4,
      eventTimestamp: '2022-07-04T01:00:22.000Z'
    },
    {
      orderId: '62700483106539139849246',
      clientId: '1656826258584',
      side: 'sell',
      price: '33.99',
      size: '39.29',
      account: '9QQsurwBWw6FR7cqHS4u2yNtXHnYMafFXwWwWaSFFBEU',
      accountSlot: 0,
      eventTimestamp: '2022-07-03T11:27:36.000Z'
    },
    {
      orderId: '62718929850612847906219',
      clientId: '21',
      side: 'sell',
      price: '34.00',
      size: '5.07',
      account: '3mCdVr4Ed8cpGHHmvuKLPTb1jyG1sU3foyZzpn2KPXqm',
      accountSlot: 7,
      eventTimestamp: '2022-07-02T22:50:53.000Z'
    },
    {
      orderId: '62718929850612848033345',
      clientId: '4',
      side: 'sell',
      price: '34.00',
      size: '0.03',
      account: '4EDHhVsMxjrLf2a8cTAKncGQuwHUxgg3Utkv1z5pYPb2',
      accountSlot: 6,
      eventTimestamp: '2022-07-03T00:33:27.000Z'
    },
    {
      orderId: '62755823338760267042522',
      clientId: '18',
      side: 'sell',
      price: '34.02',
      size: '1.57',
      account: '7c5wSHGnJSSUPWz9Gi1xHEAhnvRfjFx6KsH1A1VqExwM',
      accountSlot: 3,
      eventTimestamp: '2022-07-02T23:21:34.000Z'
    },
    {
      orderId: '62829610315055109125178',
      clientId: '1656894225502',
      side: 'sell',
      price: '34.06',
      size: '3.00',
      account: 'Eg8Sv8mdfD6vYTLHEbvFxtcLccnPABu3XvnDDP6ExWwe',
      accountSlot: 1,
      eventTimestamp: '2022-07-04T00:23:51.000Z'
    },
    {
      orderId: '62866503803202524326636',
      clientId: '23',
      side: 'sell',
      price: '34.08',
      size: '1.69',
      account: '9ymMbqy5ZRwYPSnmYMzv3Cg5FLH4vjipohXdU54YAiL3',
      accountSlot: 0,
      eventTimestamp: '2022-07-02T22:58:22.000Z'
    },
    {
      orderId: '62866503803202527857361',
      clientId: '1656887471064',
      side: 'sell',
      price: '34.08',
      size: '10.00',
      account: 'APiJdisnSB6DJqTSbjkoBfh7yRryTePvH8Gt4W9BtbUt',
      accountSlot: 1,
      eventTimestamp: '2022-07-03T22:31:28.000Z'
    },
    {
      orderId: '63014077755792204770089',
      clientId: '1656896388822',
      side: 'sell',
      price: '34.16',
      size: '3.00',
      account: 'Eg8Sv8mdfD6vYTLHEbvFxtcLccnPABu3XvnDDP6ExWwe',
      accountSlot: 3,
      eventTimestamp: '2022-07-04T00:59:49.000Z'
    },
    {
      orderId: '63032524499865913267160',
      clientId: '49',
      side: 'sell',
      price: '34.17',
      size: '1.83',
      account: '99syUPuV5dSYJPfar9YRybZgrzk7GEGL5oSpXMyVi3jM',
      accountSlot: 3,
      eventTimestamp: '2022-07-03T19:44:18.000Z'
    },
    {
      orderId: '63087864732087042645065',
      clientId: '1656890524520',
      side: 'sell',
      price: '34.20',
      size: '5.00',
      account: '57pk6FGBZBXYPoLsdkqTe1dbSyCjXQjepBbnjbJjyjcq',
      accountSlot: 2,
      eventTimestamp: '2022-07-03T23:22:14.000Z'
    },
    {
      orderId: '63124758220234451673595',
      clientId: '28',
      side: 'sell',
      price: '34.22',
      size: '2.85',
      account: 'F9azxneHuhpWxGeUqKPFwfnHHApVGazziqPCfKX7P9Ft',
      accountSlot: 4,
      eventTimestamp: '2022-07-01T20:22:04.000Z'
    },
    {
      orderId: '63124758220234451729948',
      clientId: '24',
      side: 'sell',
      price: '34.22',
      size: '2.66',
      account: '2YaHcSAiRGSLS5AtZfk1E3pHnA47cekkcvEhkwpd5Ps9',
      accountSlot: 6,
      eventTimestamp: '2022-07-01T20:38:23.000Z'
    },
    {
      orderId: '63124758220234461371398',
      clientId: '28',
      side: 'sell',
      price: '34.22',
      size: '1.42',
      account: 'CkaPrr2zZfvHowp3Nwp5FqVkxtG4cNEtdRsRdGk7HyAa',
      accountSlot: 8,
      eventTimestamp: '2022-07-03T21:34:23.000Z'
    },
    {
      orderId: '63143204964308168270870',
      clientId: '1656827710344',
      side: 'sell',
      price: '34.23',
      size: '2135.04',
      account: 'EUfb79LYCyyTydE19iHyUWd6eY8A6mXEKQG95X2oU3xw',
      accountSlot: 3,
      eventTimestamp: '2022-07-03T05:55:16.000Z'
    },
    {
      orderId: '63161651708381879967663',
      clientId: '47',
      side: 'sell',
      price: '34.24',
      size: '1.71',
      account: 'CEtAUzgkvhQSCqPVKvb75CEsRJkEdEmVpRbn44jUgQzw',
      accountSlot: 8,
      eventTimestamp: '2022-07-03T18:53:13.000Z'
    },
    {
      orderId: '63253885428750429065032',
      clientId: '1656893805484',
      side: 'sell',
      price: '34.29',
      size: '500.00',
      account: 'CF7BhpvTDSHEsadwUSL2iAcCfW79NWP4uTCfBUNitXUx',
      accountSlot: 7,
      eventTimestamp: '2022-07-04T01:39:59.000Z'
    },
    {
      orderId: '63327672405045266647415',
      clientId: '1656887458497',
      side: 'sell',
      price: '34.33',
      size: '17.30',
      account: 'APiJdisnSB6DJqTSbjkoBfh7yRryTePvH8Gt4W9BtbUt',
      accountSlot: 0,
      eventTimestamp: '2022-07-03T22:31:23.000Z'
    },
    {
      orderId: '63364565893192681285022',
      clientId: '14',
      side: 'sell',
      price: '34.35',
      size: '1.87',
      account: '3GEnCqGT96yRmR4EbN78zdYzH9j3yA31yFftjqEhg8ii',
      accountSlot: 5,
      eventTimestamp: '2022-07-02T17:52:15.000Z'
    },
    {
      orderId: '63493693101708651068010',
      clientId: '22',
      side: 'sell',
      price: '34.42',
      size: '5.07',
      account: '3mCdVr4Ed8cpGHHmvuKLPTb1jyG1sU3foyZzpn2KPXqm',
      accountSlot: 9,
      eventTimestamp: '2022-07-03T14:16:13.000Z'
    },
    {
      orderId: '63493693101708652166683',
      clientId: '1656879742982',
      side: 'sell',
      price: '34.42',
      size: '40.00',
      account: '5TMNmAiFnvjcWRPrjAmjUktEXy5vM6Azab8pKKSoFjey',
      accountSlot: 1,
      eventTimestamp: '2022-07-03T20:22:31.000Z'
    },
    {
      orderId: '63585926822077190575184',
      clientId: '14',
      side: 'sell',
      price: '34.47',
      size: '2.85',
      account: '8Su2KbGoQX2BnBCffn2AFdcM89zKaMfAue8RnYGdP1J',
      accountSlot: 5,
      eventTimestamp: '2022-07-01T20:55:22.000Z'
    },
    {
      orderId: '63641267054298320071413',
      clientId: '1656721573410',
      side: 'sell',
      price: '34.50',
      size: '5.00',
      account: 'ArzpPoWa8irLLzRRfqRbYLudW4NYUoJuZuEp1HNKkyXP',
      accountSlot: 6,
      eventTimestamp: '2022-07-02T00:26:17.000Z'
    },
    {
      orderId: '63641267054298321175413',
      clientId: '1656735805351',
      side: 'sell',
      price: '34.50',
      size: '20.00',
      account: '8v2vib4PwaifXsom9q34PBvvBxSSdNfiyvwFeVrTz5AX',
      accountSlot: 8,
      eventTimestamp: '2022-07-02T04:24:20.000Z'
    },
    {
      orderId: '63641267054298329194338',
      clientId: '1656890540441',
      side: 'sell',
      price: '34.50',
      size: '5.00',
      account: '57pk6FGBZBXYPoLsdkqTe1dbSyCjXQjepBbnjbJjyjcq',
      accountSlot: 3,
      eventTimestamp: '2022-07-03T23:22:28.000Z'
    },
    {
      orderId: '63715054030593166677180',
      clientId: '48',
      side: 'sell',
      price: '34.54',
      size: '1.71',
      account: 'CEtAUzgkvhQSCqPVKvb75CEsRJkEdEmVpRbn44jUgQzw',
      accountSlot: 2,
      eventTimestamp: '2022-07-03T19:44:22.000Z'
    },
    {
      orderId: '63881074727256543287359',
      clientId: '19',
      side: 'sell',
      price: '34.63',
      size: '1.57',
      account: '7c5wSHGnJSSUPWz9Gi1xHEAhnvRfjFx6KsH1A1VqExwM',
      accountSlot: 4,
      eventTimestamp: '2022-07-01T20:20:56.000Z'
    },
    {
      orderId: '63991755191698800595424',
      clientId: '24',
      side: 'sell',
      price: '34.69',
      size: '1.69',
      account: '9ymMbqy5ZRwYPSnmYMzv3Cg5FLH4vjipohXdU54YAiL3',
      accountSlot: 2,
      eventTimestamp: '2022-07-01T20:20:15.000Z'
    },
    {
      orderId: '64010201935772520042435',
      clientId: '1656721162912',
      side: 'sell',
      price: '34.70',
      size: '200.00',
      account: '421DvcLp2owJnbtqY9mTcAawViiEzumct4KDQhkuR5F6',
      accountSlot: 0,
      eventTimestamp: '2022-07-03T22:27:09.000Z'
    },
    {
      orderId: '64083988912067356702408',
      clientId: '29',
      side: 'sell',
      price: '34.74',
      size: '2.85',
      account: 'F9azxneHuhpWxGeUqKPFwfnHHApVGazziqPCfKX7P9Ft',
      accountSlot: 8,
      eventTimestamp: '2022-07-03T14:10:16.000Z'
    },
    {
      orderId: '64083988912067358055126',
      clientId: '29',
      side: 'sell',
      price: '34.74',
      size: '1.42',
      account: 'CkaPrr2zZfvHowp3Nwp5FqVkxtG4cNEtdRsRdGk7HyAa',
      accountSlot: 7,
      eventTimestamp: '2022-07-03T21:34:20.000Z'
    },
    {
      orderId: '64250009608730734318263',
      clientId: '25',
      side: 'sell',
      price: '34.83',
      size: '2.66',
      account: '2YaHcSAiRGSLS5AtZfk1E3pHnA47cekkcvEhkwpd5Ps9',
      accountSlot: 5,
      eventTimestamp: '2022-07-01T20:20:18.000Z'
    },
    {
      orderId: '64286903096878162610053',
      clientId: '23',
      side: 'sell',
      price: '34.85',
      size: '5.07',
      account: '3mCdVr4Ed8cpGHHmvuKLPTb1jyG1sU3foyZzpn2KPXqm',
      accountSlot: 6,
      eventTimestamp: '2022-07-03T18:51:12.000Z'
    },
    {
      orderId: '64305349840951873532648',
      clientId: '1656896376912',
      side: 'sell',
      price: '34.86',
      size: '2.00',
      account: 'Eg8Sv8mdfD6vYTLHEbvFxtcLccnPABu3XvnDDP6ExWwe',
      accountSlot: 2,
      eventTimestamp: '2022-07-04T01:47:17.000Z'
    },
    {
      orderId: '64563604257983796696977',
      clientId: '5',
      side: 'sell',
      price: '35.00',
      size: '0.03',
      account: '4EDHhVsMxjrLf2a8cTAKncGQuwHUxgg3Utkv1z5pYPb2',
      accountSlot: 3,
      eventTimestamp: '2022-07-01T20:20:52.000Z'
    },
    {
      orderId: '64563604257983806336838',
      clientId: '1656707594501',
      side: 'sell',
      price: '35.00',
      size: '50.00',
      account: '2EKFPeWHchAKePx45EHLVt5J7Ge8YAHTqCX5Bopm2D9B',
      accountSlot: 5,
      eventTimestamp: '2022-07-03T21:15:46.000Z'
    },
    {
      orderId: '65006326115752834282788',
      clientId: '20',
      side: 'sell',
      price: '35.24',
      size: '1.57',
      account: '7c5wSHGnJSSUPWz9Gi1xHEAhnvRfjFx6KsH1A1VqExwM',
      accountSlot: 9,
      eventTimestamp: '2022-07-03T14:10:13.000Z'
    },
    {
      orderId: '65024772859826544674841',
      clientId: '30',
      side: 'sell',
      price: '35.25',
      size: '2.85',
      account: 'F9azxneHuhpWxGeUqKPFwfnHHApVGazziqPCfKX7P9Ft',
      accountSlot: 7,
      eventTimestamp: '2022-07-03T18:51:16.000Z'
    },
    {
      orderId: '65024772859826545187240',
      clientId: '30',
      side: 'sell',
      price: '35.25',
      size: '1.42',
      account: 'CkaPrr2zZfvHowp3Nwp5FqVkxtG4cNEtdRsRdGk7HyAa',
      accountSlot: 4,
      eventTimestamp: '2022-07-03T21:34:14.000Z'
    },
    {
      orderId: '65080113092047673506040',
      clientId: '24',
      side: 'sell',
      price: '35.28',
      size: '5.07',
      account: '3mCdVr4Ed8cpGHHmvuKLPTb1jyG1sU3foyZzpn2KPXqm',
      accountSlot: 4,
      eventTimestamp: '2022-07-03T19:47:59.000Z'
    },
    {
      orderId: '65098559836121382044244',
      clientId: '25',
      side: 'sell',
      price: '35.29',
      size: '1.69',
      account: '9ymMbqy5ZRwYPSnmYMzv3Cg5FLH4vjipohXdU54YAiL3',
      accountSlot: 3,
      eventTimestamp: '2022-07-03T14:11:10.000Z'
    },
    {
      orderId: '65209240300563624914797',
      clientId: '1656550808631',
      side: 'sell',
      price: '35.35',
      size: '252.27',
      account: '6RXKdU4skpDafi79jLD6VFGxwcvpcV3znLo35QTNuKn3',
      accountSlot: 0,
      eventTimestamp: '2022-06-30T16:49:16.000Z'
    },
    {
      orderId: '65264580532784765101449',
      clientId: '15',
      side: 'sell',
      price: '35.38',
      size: '1.87',
      account: '3GEnCqGT96yRmR4EbN78zdYzH9j3yA31yFftjqEhg8ii',
      accountSlot: 4,
      eventTimestamp: '2022-07-02T17:52:14.000Z'
    },
    {
      orderId: '65338367509079606588844',
      clientId: '26',
      side: 'sell',
      price: '35.42',
      size: '2.66',
      account: '2YaHcSAiRGSLS5AtZfk1E3pHnA47cekkcvEhkwpd5Ps9',
      accountSlot: 1,
      eventTimestamp: '2022-07-03T16:20:26.000Z'
    },
    {
      orderId: '65467494717595552323091',
      clientId: '1656201425163',
      side: 'sell',
      price: '35.49',
      size: '10.00',
      account: '474tKA59nvx2WJVgZgHPsm35tdUJYEynuahapYgdoDgH',
      accountSlot: 2,
      eventTimestamp: '2022-06-29T14:03:59.000Z'
    },
    {
      orderId: '65485941461669261918065',
      clientId: '1656512247718',
      side: 'sell',
      price: '35.50',
      size: '20.00',
      account: '8v2vib4PwaifXsom9q34PBvvBxSSdNfiyvwFeVrTz5AX',
      accountSlot: 11,
      eventTimestamp: '2022-06-29T14:17:36.000Z'
    },
    {
      orderId: '65485941461669261919466',
      clientId: '1656512272976',
      side: 'sell',
      price: '35.50',
      size: '5.00',
      account: 'ArzpPoWa8irLLzRRfqRbYLudW4NYUoJuZuEp1HNKkyXP',
      accountSlot: 7,
      eventTimestamp: '2022-06-29T14:17:55.000Z'
    },
    {
      orderId: '65485941461669270165201',
      clientId: '1656641117754',
      side: 'sell',
      price: '35.50',
      size: '5.00',
      account: 'FHKxgZfXBQHy6bTzm9xwiSqrA6899L5VUvVAV6xiaV9Y',
      accountSlot: 6,
      eventTimestamp: '2022-07-01T02:05:33.000Z'
    },
    {
      orderId: '65504388205742970523112',
      clientId: '15',
      side: 'sell',
      price: '35.51',
      size: '2.85',
      account: '8Su2KbGoQX2BnBCffn2AFdcM89zKaMfAue8RnYGdP1J',
      accountSlot: 1,
      eventTimestamp: '2022-06-29T09:36:13.000Z'
    },
    {
      orderId: '65670408902406375147111',
      clientId: '1656638008702',
      side: 'sell',
      price: '35.60',
      size: '65.11',
      account: 'DMnWGozFuqYNWZzT9T6vnWAajQNyVYdadBPQwXWuzQX3',
      accountSlot: 1,
      eventTimestamp: '2022-07-02T17:28:58.000Z'
    },
    {
      orderId: '65670408902406379689333',
      clientId: '1656802341458',
      side: 'sell',
      price: '35.60',
      size: '100.00',
      account: '421DvcLp2owJnbtqY9mTcAawViiEzumct4KDQhkuR5F6',
      accountSlot: 1,
      eventTimestamp: '2022-07-03T22:27:35.000Z'
    },
    {
      orderId: '65836429599069765398982',
      clientId: '1656645252819',
      side: 'sell',
      price: '35.69',
      size: '100.00',
      account: '2EKFPeWHchAKePx45EHLVt5J7Ge8YAHTqCX5Bopm2D9B',
      accountSlot: 22,
      eventTimestamp: '2022-07-03T21:15:56.000Z'
    },
    {
      orderId: '65947110063512000665079',
      clientId: '1656196579694',
      side: 'sell',
      price: '35.75',
      size: '10.00',
      account: '474tKA59nvx2WJVgZgHPsm35tdUJYEynuahapYgdoDgH',
      accountSlot: 3,
      eventTimestamp: '2022-06-29T14:03:59.000Z'
    },
    {
      orderId: '66002450295733127168824',
      clientId: '1',
      side: 'sell',
      price: '35.78',
      size: '0.31',
      account: 'EoDWDrjLp7JkrSeSX7UyFFJTeFGDsjT33pFrkLQwMzqj',
      accountSlot: 7,
      eventTimestamp: '2022-06-29T03:46:10.000Z'
    },
    {
      orderId: '66131577504249117885318',
      clientId: '21',
      side: 'sell',
      price: '35.85',
      size: '1.57',
      account: '7c5wSHGnJSSUPWz9Gi1xHEAhnvRfjFx6KsH1A1VqExwM',
      accountSlot: 6,
      eventTimestamp: '2022-07-03T19:26:13.000Z'
    },
    {
      orderId: '66223811224617665647541',
      clientId: '26',
      side: 'sell',
      price: '35.90',
      size: '1.69',
      account: '9ymMbqy5ZRwYPSnmYMzv3Cg5FLH4vjipohXdU54YAiL3',
      accountSlot: 6,
      eventTimestamp: '2022-07-03T19:28:12.000Z'
    },
    {
      orderId: '66408278665354736769574',
      clientId: '6',
      side: 'sell',
      price: '36.00',
      size: '0.01',
      account: '4EDHhVsMxjrLf2a8cTAKncGQuwHUxgg3Utkv1z5pYPb2',
      accountSlot: 2,
      eventTimestamp: '2022-06-29T01:29:16.000Z'
    },
    {
      orderId: '66408278665354736821762',
      clientId: '2',
      side: 'sell',
      price: '36.00',
      size: '0.31',
      account: 'EoDWDrjLp7JkrSeSX7UyFFJTeFGDsjT33pFrkLQwMzqj',
      accountSlot: 8,
      eventTimestamp: '2022-06-29T01:42:09.000Z'
    },
    {
      orderId: '66408278665354747472837',
      clientId: '1656635790415',
      side: 'sell',
      price: '36.00',
      size: '0.90',
      account: 'DdN4o1RGQUGinBc9YaMBv6eHRPEy3D4cvAbY4CSBakLc',
      accountSlot: 2,
      eventTimestamp: '2022-07-01T00:39:29.000Z'
    },
    {
      orderId: '66408278665354757176658',
      clientId: '1656637783981',
      side: 'sell',
      price: '36.00',
      size: '52.67',
      account: 'DMnWGozFuqYNWZzT9T6vnWAajQNyVYdadBPQwXWuzQX3',
      accountSlot: 0,
      eventTimestamp: '2022-07-02T17:19:58.000Z'
    },
    {
      orderId: '66408278665354762139479',
      clientId: '1656894145842',
      side: 'sell',
      price: '36.00',
      size: '200.00',
      account: 'G8de6F7YAyx62LxRYzLRBXCU88wVm1Nv7MEZWXcrb7J6',
      accountSlot: 0,
      eventTimestamp: '2022-07-04T00:24:03.000Z'
    },
    {
      orderId: '66426725409428470764303',
      clientId: '27',
      side: 'sell',
      price: '36.01',
      size: '2.66',
      account: '2YaHcSAiRGSLS5AtZfk1E3pHnA47cekkcvEhkwpd5Ps9',
      accountSlot: 9,
      eventTimestamp: '2022-07-03T19:44:14.000Z'
    },
    {
      orderId: '66537405873870706316965',
      clientId: '1656196714267',
      side: 'sell',
      price: '36.07',
      size: '10.00',
      account: '474tKA59nvx2WJVgZgHPsm35tdUJYEynuahapYgdoDgH',
      accountSlot: 4,
      eventTimestamp: '2022-06-29T14:04:07.000Z'
    },
    {
      orderId: '66814107034976345978242',
      clientId: '3',
      side: 'sell',
      price: '36.22',
      size: '0.31',
      account: 'EoDWDrjLp7JkrSeSX7UyFFJTeFGDsjT33pFrkLQwMzqj',
      accountSlot: 0,
      eventTimestamp: '2022-06-28T21:32:10.000Z'
    },
    ... 276 more items
  ],
  bids: [
    {
      orderId: '61261637068789044174555',
      clientId: '0',
      side: 'buy',
      price: '33.20',
      size: '1.00',
      account: '5tz1u8ZnzESiyX9c5V13HBmBQ2qoXPtCenCyJRKTt8JR',
      accountSlot: 0,
      eventTimestamp: '2022-07-04T02:33:15.000Z'
    },
    {
      orderId: '61243190324715334622413',
      clientId: '1656865594643',
      side: 'buy',
      price: '33.19',
      size: '768.77',
      account: '4rm5QCgFPm4d37MCawNypngV4qPWv4D5tw57KE2qUcLE',
      accountSlot: 7,
      eventTimestamp: '2022-07-04T02:33:27.000Z',
      expiryTimestamp: '2022-07-04T02:33:28.000Z'
    },
    {
      orderId: '61224743580641625076434',
      clientId: '0',
      side: 'buy',
      price: '33.18',
      size: '1.00',
      account: '5tz1u8ZnzESiyX9c5V13HBmBQ2qoXPtCenCyJRKTt8JR',
      accountSlot: 1,
      eventTimestamp: '2022-07-04T02:31:32.000Z'
    },
    {
      orderId: '61187850092494205967557',
      clientId: '1656367206889',
      side: 'buy',
      price: '33.16',
      size: '150.79',
      account: 'AoQJZaoTePWwgvHG4MTtUZ3N9Eqkxny25vpFmJYzSAvM',
      accountSlot: 13,
      eventTimestamp: '2022-07-04T02:33:27.000Z',
      expiryTimestamp: '2022-07-04T02:33:28.000Z'
    },
    {
      orderId: '61169403348420496634777',
      clientId: '1656897627215',
      side: 'buy',
      price: '33.15',
      size: '6.29',
      account: '27UqsxFZ3yNPnuaX2BnFCztirwMeqCe6TveuS8z1bw1D',
      accountSlot: 5,
      eventTimestamp: '2022-07-04T01:23:54.000Z'
    },
    {
      orderId: '61169403348420496611036',
      clientId: '1656890495064',
      side: 'buy',
      price: '33.15',
      size: '14.17',
      account: 'GwUi3JAuE5H1mffNJvGw37e7heVov4tAbvW7rRm6cJpm',
      accountSlot: 0,
      eventTimestamp: '2022-07-04T01:31:29.000Z'
    },
    {
      orderId: '61169403348420496416017',
      clientId: '1656902002805',
      side: 'buy',
      price: '33.15',
      size: '300.00',
      account: '3CTtZ55HfK4VdwXn4K54W5mdwjp4rg2E28BkRohQZa9d',
      accountSlot: 0,
      eventTimestamp: '2022-07-04T02:33:26.000Z',
      expiryTimestamp: '2022-07-04T02:33:34.000Z'
    },
    {
      orderId: '61169403348420496415999',
      clientId: '1',
      side: 'buy',
      price: '33.15',
      size: '46.84',
      account: '2Fgjpc7bp9jpiTRKSVSsiAcexw8Cawbz7GLJu8MamS9q',
      accountSlot: 8,
      eventTimestamp: '2022-07-04T02:33:27.000Z',
      expiryTimestamp: '2022-07-04T02:33:30.000Z'
    },
    {
      orderId: '61169403348420496415948',
      clientId: '1656865594643',
      side: 'buy',
      price: '33.15',
      size: '768.77',
      account: '4rm5QCgFPm4d37MCawNypngV4qPWv4D5tw57KE2qUcLE',
      accountSlot: 26,
      eventTimestamp: '2022-07-04T02:33:27.000Z',
      expiryTimestamp: '2022-07-04T02:33:30.000Z'
    },
    {
      orderId: '61150956604346787315532',
      clientId: '19',
      side: 'buy',
      price: '33.14',
      size: '5.07',
      account: '3mCdVr4Ed8cpGHHmvuKLPTb1jyG1sU3foyZzpn2KPXqm',
      accountSlot: 0,
      eventTimestamp: '2022-07-04T00:14:22.000Z'
    },
    {
      orderId: '61150956604346787049872',
      clientId: '1656897719404',
      side: 'buy',
      price: '33.14',
      size: '500.00',
      account: 'DS38GuvrXEG5s8Xst9frNFnfNojLAPcnRg6EJ2CvuzBN',
      accountSlot: 1,
      eventTimestamp: '2022-07-04T01:34:37.000Z'
    },
    {
      orderId: '61150956604346786864386',
      clientId: '1656902006370',
      side: 'buy',
      price: '33.14',
      size: '20.00',
      account: 'J7hzDikx3hQMHftxPRExCWJJCJqmSMMvK6jXPm48aE9o',
      accountSlot: 0,
      eventTimestamp: '2022-07-04T02:33:27.000Z',
      expiryTimestamp: '2022-07-04T02:33:40.000Z'
    },
    {
      orderId: '61150956604346786864382',
      clientId: '3',
      side: 'buy',
      price: '33.14',
      size: '466.78',
      account: '2Fgjpc7bp9jpiTRKSVSsiAcexw8Cawbz7GLJu8MamS9q',
      accountSlot: 9,
      eventTimestamp: '2022-07-04T02:33:27.000Z',
      expiryTimestamp: '2022-07-04T02:33:30.000Z'
    },
    {
      orderId: '61150956604346786864324',
      clientId: '1656367206889',
      side: 'buy',
      price: '33.14',
      size: '150.79',
      account: 'AoQJZaoTePWwgvHG4MTtUZ3N9Eqkxny25vpFmJYzSAvM',
      accountSlot: 18,
      eventTimestamp: '2022-07-04T02:33:27.000Z',
      expiryTimestamp: '2022-07-04T02:33:30.000Z'
    },
    {
      orderId: '61132509860273077317900',
      clientId: '1656901882561',
      side: 'buy',
      price: '33.13',
      size: '5.52',
      account: '2dsrA7ETVEcu8d9CN1bSWKtMgTru8hoRnLFZBvzCBSmx',
      accountSlot: 0,
      eventTimestamp: '2022-07-04T02:31:43.000Z'
    },
    {
      orderId: '61132509860273077314618',
      clientId: '1',
      side: 'buy',
      price: '33.13',
      size: '0.35',
      account: '4Z7q8w7Wt4Q7P9em4S4pvYoLuQkueVpRznMUpFf112uB',
      accountSlot: 0,
      eventTimestamp: '2022-07-04T02:32:49.000Z'
    },
    {
      orderId: '61132509860273077312749',
      clientId: '1656865424785',
      side: 'buy',
      price: '33.13',
      size: '316.94',
      account: 'BidB8zwLLWADJwEDT7m1KfwZ8GWVMSDHFSMgUVtHBr9C',
      accountSlot: 12,
      eventTimestamp: '2022-07-04T02:33:27.000Z',
      expiryTimestamp: '2022-07-04T02:33:31.000Z'
    },
    {
      orderId: '61095616372125658209679',
      clientId: '0',
      side: 'buy',
      price: '33.11',
      size: '91.99',
      account: '8QGxM5xTNE9BNzZDtC4eSPF7HLkPXmfdqQKGCa36p1C6',
      accountSlot: 20,
      eventTimestamp: '2022-07-04T02:33:20.000Z',
      expiryTimestamp: '2022-07-04T02:33:28.000Z'
    },
    {
      orderId: '61077169628051949437425',
      clientId: '1656887752689',
      side: 'buy',
      price: '33.10',
      size: '11.23',
      account: '9QQsurwBWw6FR7cqHS4u2yNtXHnYMafFXwWwWaSFFBEU',
      accountSlot: 2,
      eventTimestamp: '2022-07-03T22:36:09.000Z'
    },
    {
      orderId: '61077169628051948872026',
      clientId: '1656897921741',
      side: 'buy',
      price: '33.10',
      size: '60.00',
      account: '27UqsxFZ3yNPnuaX2BnFCztirwMeqCe6TveuS8z1bw1D',
      accountSlot: 6,
      eventTimestamp: '2022-07-04T01:25:26.000Z'
    },
    {
      orderId: '61077169628051948657859',
      clientId: '1656367206889',
      side: 'buy',
      price: '33.10',
      size: '301.58',
      account: 'AoQJZaoTePWwgvHG4MTtUZ3N9Eqkxny25vpFmJYzSAvM',
      accountSlot: 19,
      eventTimestamp: '2022-07-04T02:33:27.000Z',
      expiryTimestamp: '2022-07-04T02:33:33.000Z'
    },
    {
      orderId: '61058722883978239106421',
      clientId: '0',
      side: 'buy',
      price: '33.09',
      size: '606.54',
      account: '74LtbQZgETePWV5RZa1BraTvKPiQP1zLxm7VwddXrdfv',
      accountSlot: 3,
      eventTimestamp: '2022-07-04T02:33:20.000Z',
      expiryTimestamp: '2022-07-04T02:33:28.000Z'
    },
    {
      orderId: '61058722883978239106301',
      clientId: '5',
      side: 'buy',
      price: '33.09',
      size: '451.83',
      account: '2Fgjpc7bp9jpiTRKSVSsiAcexw8Cawbz7GLJu8MamS9q',
      accountSlot: 19,
      eventTimestamp: '2022-07-04T02:33:27.000Z',
      expiryTimestamp: '2022-07-04T02:33:35.000Z'
    },
    {
      orderId: '61021829395830820003213',
      clientId: '0',
      side: 'buy',
      price: '33.07',
      size: '91.99',
      account: '8QGxM5xTNE9BNzZDtC4eSPF7HLkPXmfdqQKGCa36p1C6',
      accountSlot: 22,
      eventTimestamp: '2022-07-04T02:33:20.000Z',
      expiryTimestamp: '2022-07-04T02:33:29.000Z'
    },
    {
      orderId: '61021829395830820003019',
      clientId: '1656865594643',
      side: 'buy',
      price: '33.07',
      size: '849.55',
      account: '4rm5QCgFPm4d37MCawNypngV4qPWv4D5tw57KE2qUcLE',
      accountSlot: 27,
      eventTimestamp: '2022-07-04T02:33:27.000Z',
      expiryTimestamp: '2022-07-04T02:33:33.000Z'
    },
    {
      orderId: '61003382651757110453305',
      clientId: '3',
      side: 'buy',
      price: '33.06',
      size: '0.35',
      account: '4Z7q8w7Wt4Q7P9em4S4pvYoLuQkueVpRznMUpFf112uB',
      accountSlot: 1,
      eventTimestamp: '2022-07-04T02:32:49.000Z'
    },
    {
      orderId: '61003382651757110451572',
      clientId: '0',
      side: 'buy',
      price: '33.06',
      size: '606.54',
      account: '74LtbQZgETePWV5RZa1BraTvKPiQP1zLxm7VwddXrdfv',
      accountSlot: 26,
      eventTimestamp: '2022-07-04T02:33:20.000Z',
      expiryTimestamp: '2022-07-04T02:33:29.000Z'
    },
    {
      orderId: '60966489163609691789114',
      clientId: '22',
      side: 'buy',
      price: '33.04',
      size: '2.66',
      account: '2YaHcSAiRGSLS5AtZfk1E3pHnA47cekkcvEhkwpd5Ps9',
      accountSlot: 4,
      eventTimestamp: '2022-07-04T00:17:48.000Z'
    },
    {
      orderId: '60948042419535983135495',
      clientId: '43',
      side: 'buy',
      price: '33.03',
      size: '1.71',
      account: 'CEtAUzgkvhQSCqPVKvb75CEsRJkEdEmVpRbn44jUgQzw',
      accountSlot: 7,
      eventTimestamp: '2022-07-03T19:47:33.000Z'
    },
    {
      orderId: '60929595675462273021695',
      clientId: '1656887797468',
      side: 'buy',
      price: '33.02',
      size: '12.23',
      account: '9QQsurwBWw6FR7cqHS4u2yNtXHnYMafFXwWwWaSFFBEU',
      accountSlot: 5,
      eventTimestamp: '2022-07-03T22:36:57.000Z'
    },
    {
      orderId: '60892702187314854479065',
      clientId: '44',
      side: 'buy',
      price: '33.00',
      size: '1.83',
      account: '99syUPuV5dSYJPfar9YRybZgrzk7GEGL5oSpXMyVi3jM',
      accountSlot: 8,
      eventTimestamp: '2022-07-03T19:48:12.000Z'
    },
    {
      orderId: '60892702187314853317509',
      clientId: '1656898652205',
      side: 'buy',
      price: '33.00',
      size: '15.00',
      account: '57pk6FGBZBXYPoLsdkqTe1dbSyCjXQjepBbnjbJjyjcq',
      accountSlot: 0,
      eventTimestamp: '2022-07-04T01:37:37.000Z'
    },
    {
      orderId: '60874255443241143591992',
      clientId: '5',
      side: 'buy',
      price: '32.99',
      size: '0.35',
      account: '4Z7q8w7Wt4Q7P9em4S4pvYoLuQkueVpRznMUpFf112uB',
      accountSlot: 2,
      eventTimestamp: '2022-07-04T02:32:49.000Z'
    },
    {
      orderId: '60837361955093724486892',
      clientId: '1656865424785',
      side: 'buy',
      price: '32.97',
      size: '316.94',
      account: 'BidB8zwLLWADJwEDT7m1KfwZ8GWVMSDHFSMgUVtHBr9C',
      accountSlot: 14,
      eventTimestamp: '2022-07-04T02:33:27.000Z',
      expiryTimestamp: '2022-07-04T02:33:33.000Z'
    },
    {
      orderId: '60763574978798886282295',
      clientId: '7',
      side: 'buy',
      price: '32.93',
      size: '0.35',
      account: '4Z7q8w7Wt4Q7P9em4S4pvYoLuQkueVpRznMUpFf112uB',
      accountSlot: 3,
      eventTimestamp: '2022-07-04T02:32:49.000Z'
    },
    {
      orderId: '60745128234725176728828',
      clientId: '7',
      side: 'buy',
      price: '32.92',
      size: '451.83',
      account: '2Fgjpc7bp9jpiTRKSVSsiAcexw8Cawbz7GLJu8MamS9q',
      accountSlot: 20,
      eventTimestamp: '2022-07-04T02:33:27.000Z',
      expiryTimestamp: '2022-07-04T02:33:55.000Z'
    },
    {
      orderId: '60671341258430338565478',
      clientId: '1656901127215',
      side: 'buy',
      price: '32.88',
      size: '2.70',
      account: '6S2Esc7QbEXXgY9QxKwK67CudpB3LS6aweeDf4Njcpza',
      accountSlot: 0,
      eventTimestamp: '2022-07-04T02:19:26.000Z'
    },
    {
      orderId: '60671341258430338522507',
      clientId: '0',
      side: 'buy',
      price: '32.88',
      size: '920.08',
      account: '8QGxM5xTNE9BNzZDtC4eSPF7HLkPXmfdqQKGCa36p1C6',
      accountSlot: 26,
      eventTimestamp: '2022-07-04T02:33:20.000Z',
      expiryTimestamp: '2022-07-04T02:33:33.000Z'
    },
    {
      orderId: '60634447770282919419251',
      clientId: '0',
      side: 'buy',
      price: '32.86',
      size: '4549.32',
      account: '74LtbQZgETePWV5RZa1BraTvKPiQP1zLxm7VwddXrdfv',
      accountSlot: 27,
      eventTimestamp: '2022-07-04T02:33:20.000Z',
      expiryTimestamp: '2022-07-04T02:33:33.000Z'
    },
    {
      orderId: '60616001026209211184772',
      clientId: '21',
      side: 'buy',
      price: '32.85',
      size: '1.69',
      account: '9ymMbqy5ZRwYPSnmYMzv3Cg5FLH4vjipohXdU54YAiL3',
      accountSlot: 7,
      eventTimestamp: '2022-07-03T19:55:13.000Z'
    },
    {
      orderId: '60505320561766953883148',
      clientId: '16',
      side: 'buy',
      price: '32.79',
      size: '1.57',
      account: '7c5wSHGnJSSUPWz9Gi1xHEAhnvRfjFx6KsH1A1VqExwM',
      accountSlot: 0,
      eventTimestamp: '2022-07-03T19:52:18.000Z'
    },
    {
      orderId: '60468427073619534838030',
      clientId: '43',
      side: 'buy',
      price: '32.77',
      size: '1.83',
      account: '99syUPuV5dSYJPfar9YRybZgrzk7GEGL5oSpXMyVi3jM',
      accountSlot: 6,
      eventTimestamp: '2022-07-03T19:33:32.000Z'
    },
    {
      orderId: '60376193353250987078424',
      clientId: '42',
      side: 'buy',
      price: '32.72',
      size: '1.71',
      account: 'CEtAUzgkvhQSCqPVKvb75CEsRJkEdEmVpRbn44jUgQzw',
      accountSlot: 3,
      eventTimestamp: '2022-07-03T19:34:12.000Z'
    },
    {
      orderId: '60357746609177277492546',
      clientId: '18',
      side: 'buy',
      price: '32.71',
      size: '5.07',
      account: '3mCdVr4Ed8cpGHHmvuKLPTb1jyG1sU3foyZzpn2KPXqm',
      accountSlot: 2,
      eventTimestamp: '2022-07-03T19:44:13.000Z'
    },
    {
      orderId: '60357746609177277483289',
      clientId: '25',
      side: 'buy',
      price: '32.71',
      size: '2.85',
      account: 'F9azxneHuhpWxGeUqKPFwfnHHApVGazziqPCfKX7P9Ft',
      accountSlot: 6,
      eventTimestamp: '2022-07-03T19:47:47.000Z'
    },
    {
      orderId: '60357746609177277146842',
      clientId: '25',
      side: 'buy',
      price: '32.71',
      size: '1.42',
      account: 'CkaPrr2zZfvHowp3Nwp5FqVkxtG4cNEtdRsRdGk7HyAa',
      accountSlot: 2,
      eventTimestamp: '2022-07-03T21:34:11.000Z'
    },
    {
      orderId: '60247066144735018835179',
      clientId: '1656865424785',
      side: 'buy',
      price: '32.65',
      size: '429.21',
      account: 'BidB8zwLLWADJwEDT7m1KfwZ8GWVMSDHFSMgUVtHBr9C',
      accountSlot: 15,
      eventTimestamp: '2022-07-04T02:33:27.000Z',
      expiryTimestamp: '2022-07-04T02:33:36.000Z'
    },
    {
      orderId: '60025705215850504653034',
      clientId: '42',
      side: 'buy',
      price: '32.53',
      size: '1.83',
      account: '99syUPuV5dSYJPfar9YRybZgrzk7GEGL5oSpXMyVi3jM',
      accountSlot: 4,
      eventTimestamp: '2022-07-04T00:19:11.000Z'
    },
    {
      orderId: '59970364983629376748458',
      clientId: '1656880639498',
      side: 'buy',
      price: '32.50',
      size: '20.00',
      account: '8v2vib4PwaifXsom9q34PBvvBxSSdNfiyvwFeVrTz5AX',
      accountSlot: 14,
      eventTimestamp: '2022-07-03T20:37:31.000Z'
    },
    {
      orderId: '59970364983629376741368',
      clientId: '1656880772831',
      side: 'buy',
      price: '32.50',
      size: '5.00',
      account: 'ArzpPoWa8irLLzRRfqRbYLudW4NYUoJuZuEp1HNKkyXP',
      accountSlot: 10,
      eventTimestamp: '2022-07-03T20:39:35.000Z'
    },
    {
      orderId: '59970364983629376446908',
      clientId: '1656885856040',
      side: 'buy',
      price: '32.50',
      size: '3100.00',
      account: 'JCfzzaapsFnzeKUKPM9qdPFX8UKN24UyjBV147QFK5WY',
      accountSlot: 0,
      eventTimestamp: '2022-07-03T22:04:47.000Z'
    },
    {
      orderId: '59970364983629375952023',
      clientId: '1656894708066',
      side: 'buy',
      price: '32.50',
      size: '850.00',
      account: '2aGzXPf5qGqMFyREsWdNRhhxxziE3C9wTNLPxvhsAVZH',
      accountSlot: 0,
      eventTimestamp: '2022-07-04T00:32:00.000Z'
    },
    {
      orderId: '59915024751408247004321',
      clientId: '1656900012350',
      side: 'buy',
      price: '32.47',
      size: '8.17',
      account: '51R5mQZvcyk1qbUE7J2ksGQhvxotAvaukQa4PHraWuDB',
      accountSlot: 0,
      eventTimestamp: '2022-07-04T02:00:21.000Z'
    },
    {
      orderId: '59915024751408246911267',
      clientId: '1656901902122',
      side: 'buy',
      price: '32.47',
      size: '361.70',
      account: 'EGZ3U8YE4XSEwo3yyDuvi7AAUknmT4XijjLjpZm1RgiF',
      accountSlot: 6,
      eventTimestamp: '2022-07-04T02:31:43.000Z',
      expiryTimestamp: '2022-07-04T02:35:57.000Z'
    },
    {
      orderId: '59878131263260829388500',
      clientId: '1656872757617',
      side: 'buy',
      price: '32.45',
      size: '5.00',
      account: 'HJYA3TpGNwkbh291VSqKm5uhiYuyvQxaff4MSk8sRPFC',
      accountSlot: 15,
      eventTimestamp: '2022-07-03T18:26:11.000Z'
    },
    {
      orderId: '59878131263260829186991',
      clientId: '21',
      side: 'buy',
      price: '32.45',
      size: '2.66',
      account: '2YaHcSAiRGSLS5AtZfk1E3pHnA47cekkcvEhkwpd5Ps9',
      accountSlot: 8,
      eventTimestamp: '2022-07-03T19:33:14.000Z'
    },
    {
      orderId: '59878131263260829059894',
      clientId: '1656877404111',
      side: 'buy',
      price: '32.45',
      size: '1427.69',
      account: 'J4ULBXHg8oQ8SKWHUUR91KgAU3UvoyTcwy7BQ86PVjPM',
      accountSlot: 0,
      eventTimestamp: '2022-07-03T20:14:56.000Z'
    },
    {
      orderId: '59859684519187118258294',
      clientId: '0',
      side: 'buy',
      price: '32.44',
      size: '10.49',
      account: 'CdYzrgPCiyopyKPPa4xpYz8DCdmeeNNkZe7CzVjmYX5S',
      accountSlot: 0,
      eventTimestamp: '2022-07-04T02:31:02.000Z',
      expiryTimestamp: '2022-07-04T02:35:09.000Z'
    },
    {
      orderId: '59822791031039700811443',
      clientId: '41',
      side: 'buy',
      price: '32.42',
      size: '1.71',
      account: 'CEtAUzgkvhQSCqPVKvb75CEsRJkEdEmVpRbn44jUgQzw',
      accountSlot: 1,
      eventTimestamp: '2022-07-03T18:00:43.000Z'
    },
    {
      orderId: '59785897542892281361441',
      clientId: '12',
      side: 'buy',
      price: '32.40',
      size: '2.85',
      account: '8Su2KbGoQX2BnBCffn2AFdcM89zKaMfAue8RnYGdP1J',
      accountSlot: 3,
      eventTimestamp: '2022-07-03T19:55:27.000Z'
    },
    {
      orderId: '59749004054744862532384',
      clientId: '1656872663811',
      side: 'buy',
      price: '32.38',
      size: '50.00',
      account: '2EKFPeWHchAKePx45EHLVt5J7Ge8YAHTqCX5Bopm2D9B',
      accountSlot: 44,
      eventTimestamp: '2022-07-03T18:24:28.000Z'
    },
    {
      orderId: '59693663822523733425302',
      clientId: '1656881454638',
      side: 'buy',
      price: '32.35',
      size: '77.99',
      account: '5f7te6zK4D7HdDF5cizRF4GXZvw8RP21i6ij31txa7Jo',
      accountSlot: 2,
      eventTimestamp: '2022-07-03T20:51:02.000Z'
    },
    {
      orderId: '59619876846228895674689',
      clientId: '1656872599675',
      side: 'buy',
      price: '32.31',
      size: '50.00',
      account: '2EKFPeWHchAKePx45EHLVt5J7Ge8YAHTqCX5Bopm2D9B',
      accountSlot: 41,
      eventTimestamp: '2022-07-03T18:23:23.000Z'
    },
    {
      orderId: '59582983358081476316023',
      clientId: '12',
      side: 'buy',
      price: '32.29',
      size: '1.87',
      account: '3GEnCqGT96yRmR4EbN78zdYzH9j3yA31yFftjqEhg8ii',
      accountSlot: 1,
      eventTimestamp: '2022-07-03T19:47:30.000Z'
    },
    {
      orderId: '59582983358081475245422',
      clientId: '41',
      side: 'buy',
      price: '32.29',
      size: '1.83',
      account: '99syUPuV5dSYJPfar9YRybZgrzk7GEGL5oSpXMyVi3jM',
      accountSlot: 0,
      eventTimestamp: '2022-07-04T01:07:04.000Z'
    },
    {
      orderId: '59564536614007767275358',
      clientId: '17',
      side: 'buy',
      price: '32.28',
      size: '5.07',
      account: '3mCdVr4Ed8cpGHHmvuKLPTb1jyG1sU3foyZzpn2KPXqm',
      accountSlot: 3,
      eventTimestamp: '2022-07-03T17:04:38.000Z'
    },
    {
      orderId: '59490749637712928832407',
      clientId: '20',
      side: 'buy',
      price: '32.24',
      size: '1.69',
      account: '9ymMbqy5ZRwYPSnmYMzv3Cg5FLH4vjipohXdU54YAiL3',
      accountSlot: 4,
      eventTimestamp: '2022-07-03T18:17:18.000Z'
    },
    {
      orderId: '59490749637712928809319',
      clientId: '1656872674642',
      side: 'buy',
      price: '32.24',
      size: '50.00',
      account: '2EKFPeWHchAKePx45EHLVt5J7Ge8YAHTqCX5Bopm2D9B',
      accountSlot: 46,
      eventTimestamp: '2022-07-03T18:24:39.000Z'
    },
    {
      orderId: '59435409405491799159376',
      clientId: '1656887954219',
      side: 'buy',
      price: '32.21',
      size: '102.73',
      account: '5HbBHhTQMG9rzqqakym2r7jM9NNAZoLDdhUWW8XAPscZ',
      accountSlot: 0,
      eventTimestamp: '2022-07-03T23:31:20.000Z'
    },
    {
      orderId: '59416962661418090862917',
      clientId: '24',
      side: 'buy',
      price: '32.20',
      size: '2.85',
      account: 'F9azxneHuhpWxGeUqKPFwfnHHApVGazziqPCfKX7P9Ft',
      accountSlot: 3,
      eventTimestamp: '2022-07-03T17:04:23.000Z'
    },
    {
      orderId: '59416962661418090013610',
      clientId: '24',
      side: 'buy',
      price: '32.20',
      size: '1.42',
      account: 'CkaPrr2zZfvHowp3Nwp5FqVkxtG4cNEtdRsRdGk7HyAa',
      accountSlot: 9,
      eventTimestamp: '2022-07-03T21:34:26.000Z'
    },
    {
      orderId: '59416962661418089056071',
      clientId: '1656901146805',
      side: 'buy',
      price: '32.20',
      size: '21.78',
      account: '85cgovmQpap8ge31XZ8CVWqdVurbCsk4ceg8mA4SiG2R',
      accountSlot: 0,
      eventTimestamp: '2022-07-04T02:19:10.000Z'
    },
    {
      orderId: '59380069173270671542304',
      clientId: '15',
      side: 'buy',
      price: '32.18',
      size: '1.57',
      account: '7c5wSHGnJSSUPWz9Gi1xHEAhnvRfjFx6KsH1A1VqExwM',
      accountSlot: 1,
      eventTimestamp: '2022-07-03T18:11:18.000Z'
    },
    {
      orderId: '59343175685123252398731',
      clientId: '1656111333081',
      side: 'buy',
      price: '32.16',
      size: '50.00',
      account: '2EKFPeWHchAKePx45EHLVt5J7Ge8YAHTqCX5Bopm2D9B',
      accountSlot: 29,
      eventTimestamp: '2022-07-03T18:23:51.000Z'
    },
    {
      orderId: '59287835452902122750844',
      clientId: '1656887276398',
      side: 'buy',
      price: '32.13',
      size: '95.84',
      account: '7Gtv1EvXyAJf3QYbWfrYHYDv92m6aG3zNRQu9Pkzfgsb',
      accountSlot: 0,
      eventTimestamp: '2022-07-03T23:30:00.000Z'
    },
    {
      orderId: '59250941964754703437981',
      clientId: '40',
      side: 'buy',
      price: '32.11',
      size: '1.71',
      account: 'CEtAUzgkvhQSCqPVKvb75CEsRJkEdEmVpRbn44jUgQzw',
      accountSlot: 5,
      eventTimestamp: '2022-07-04T00:32:15.000Z'
    },
    {
      orderId: '59158708244386155293272',
      clientId: '40',
      side: 'buy',
      price: '32.06',
      size: '1.83',
      account: '99syUPuV5dSYJPfar9YRybZgrzk7GEGL5oSpXMyVi3jM',
      accountSlot: 7,
      eventTimestamp: '2022-07-04T02:32:17.000Z'
    },
    {
      orderId: '59121814756238737775371',
      clientId: '1656872698406',
      side: 'buy',
      price: '32.04',
      size: '100.00',
      account: '2EKFPeWHchAKePx45EHLVt5J7Ge8YAHTqCX5Bopm2D9B',
      accountSlot: 47,
      eventTimestamp: '2022-07-03T18:25:03.000Z'
    },
    {
      orderId: '59048027779943904513590',
      clientId: '2',
      side: 'buy',
      price: '32.00',
      size: '0.03',
      account: '4EDHhVsMxjrLf2a8cTAKncGQuwHUxgg3Utkv1z5pYPb2',
      accountSlot: 4,
      eventTimestamp: '2022-07-02T12:09:15.000Z'
    },
    {
      orderId: '59048027779943903066066',
      clientId: '1656787262966',
      side: 'buy',
      price: '32.00',
      size: '50.00',
      account: '7xis7Q6RVjxfQPqVixocxMoHC9hw6BtUKt51Mbm7QatA',
      accountSlot: 0,
      eventTimestamp: '2022-07-02T18:41:07.000Z'
    },
    {
      orderId: '59048027779943902391241',
      clientId: '1656799165883',
      side: 'buy',
      price: '32.00',
      size: '0.05',
      account: 'GsoVt1vHTQZKiFj3EvyNJUXaB1ddYe8Zi29yEkzfkxC3',
      accountSlot: 0,
      eventTimestamp: '2022-07-02T21:59:41.000Z'
    },
    {
      orderId: '58974240803649061365833',
      clientId: '1656872611191',
      side: 'buy',
      price: '31.96',
      size: '100.00',
      account: '2EKFPeWHchAKePx45EHLVt5J7Ge8YAHTqCX5Bopm2D9B',
      accountSlot: 42,
      eventTimestamp: '2022-07-03T18:24:04.000Z'
    },
    {
      orderId: '58863560339206804897672',
      clientId: '1656855698561',
      side: 'buy',
      price: '31.90',
      size: '75.00',
      account: 'BKFDH2J8rt3iYSYr7PbjsVstTpik7Rnoti1rLuJM6Cbu',
      accountSlot: 0,
      eventTimestamp: '2022-07-03T13:41:50.000Z'
    },
    {
      orderId: '58789773362911971170169',
      clientId: '20',
      side: 'buy',
      price: '31.86',
      size: '2.66',
      account: '2YaHcSAiRGSLS5AtZfk1E3pHnA47cekkcvEhkwpd5Ps9',
      accountSlot: 7,
      eventTimestamp: '2022-07-02T10:36:21.000Z'
    },
    {
      orderId: '58771326618838259113845',
      clientId: '16',
      side: 'buy',
      price: '31.85',
      size: '5.07',
      account: '3mCdVr4Ed8cpGHHmvuKLPTb1jyG1sU3foyZzpn2KPXqm',
      accountSlot: 1,
      eventTimestamp: '2022-07-02T22:00:54.000Z'
    },
    {
      orderId: '58752879874764550978665',
      clientId: '1656774905829',
      side: 'buy',
      price: '31.84',
      size: '0.25',
      account: 'GwXvDPDbFkZWi2Y85GmVF76KuKLRHTJhRPYPtjK9A8vg',
      accountSlot: 0,
      eventTimestamp: '2022-07-02T15:15:38.000Z'
    },
    {
      orderId: '58697539642543416526918',
      clientId: '39',
      side: 'buy',
      price: '31.81',
      size: '1.71',
      account: 'CEtAUzgkvhQSCqPVKvb75CEsRJkEdEmVpRbn44jUgQzw',
      accountSlot: 9,
      eventTimestamp: '2022-07-04T02:24:15.000Z'
    },
    {
      orderId: '58494625457732613250013',
      clientId: '1656868520397',
      side: 'buy',
      price: '31.70',
      size: '15.15',
      account: 'GwVNDPsN59j4ddfAD9JoMXqqFd8ENtH8o78ujHzbbgYH',
      accountSlot: 2,
      eventTimestamp: '2022-07-03T17:15:25.000Z'
    },
    {
      orderId: '58476178713658916337361',
      clientId: '23',
      side: 'buy',
      price: '31.69',
      size: '2.85',
      account: 'F9azxneHuhpWxGeUqKPFwfnHHApVGazziqPCfKX7P9Ft',
      accountSlot: 5,
      eventTimestamp: '2022-07-01T03:53:40.000Z'
    },
    {
      orderId: '58476178713658902882028',
      clientId: '23',
      side: 'buy',
      price: '31.69',
      size: '1.42',
      account: 'CkaPrr2zZfvHowp3Nwp5FqVkxtG4cNEtdRsRdGk7HyAa',
      accountSlot: 1,
      eventTimestamp: '2022-07-03T21:34:11.000Z'
    },
    {
      orderId: '58365498249216659188173',
      clientId: '19',
      side: 'buy',
      price: '31.63',
      size: '1.69',
      account: '9ymMbqy5ZRwYPSnmYMzv3Cg5FLH4vjipohXdU54YAiL3',
      accountSlot: 1,
      eventTimestamp: '2022-07-01T03:13:17.000Z'
    },
    {
      orderId: '58254817784774401878796',
      clientId: '14',
      side: 'buy',
      price: '31.57',
      size: '1.57',
      account: '7c5wSHGnJSSUPWz9Gi1xHEAhnvRfjFx6KsH1A1VqExwM',
      accountSlot: 7,
      eventTimestamp: '2022-07-01T03:13:13.000Z'
    },
    {
      orderId: '58125690576258435615838',
      clientId: '1656633404380',
      side: 'buy',
      price: '31.50',
      size: '20.00',
      account: '8v2vib4PwaifXsom9q34PBvvBxSSdNfiyvwFeVrTz5AX',
      accountSlot: 4,
      eventTimestamp: '2022-06-30T23:56:51.000Z'
    },
    {
      orderId: '58125690576258435610963',
      clientId: '1656633495364',
      side: 'buy',
      price: '31.50',
      size: '5.00',
      account: 'ArzpPoWa8irLLzRRfqRbYLudW4NYUoJuZuEp1HNKkyXP',
      accountSlot: 3,
      eventTimestamp: '2022-06-30T23:58:22.000Z'
    },
    {
      orderId: '58051903599963599208816',
      clientId: '1656603326519',
      side: 'buy',
      price: '31.46',
      size: '1.00',
      account: '6P7fvNKwra3qt6xrhMMj6uJRHMrsWE85b1CGsGosj2Rh',
      accountSlot: 0,
      eventTimestamp: '2022-06-30T15:35:29.000Z'
    },
    {
      orderId: '57978116623668744275744',
      clientId: '15',
      side: 'buy',
      price: '31.42',
      size: '5.07',
      account: '3mCdVr4Ed8cpGHHmvuKLPTb1jyG1sU3foyZzpn2KPXqm',
      accountSlot: 5,
      eventTimestamp: '2022-07-04T01:00:51.000Z'
    },
    {
      orderId: '57885882903300213081268',
      clientId: '11',
      side: 'buy',
      price: '31.37',
      size: '2.85',
      account: '8Su2KbGoQX2BnBCffn2AFdcM89zKaMfAue8RnYGdP1J',
      accountSlot: 2,
      eventTimestamp: '2022-06-30T16:28:31.000Z'
    },
    {
      orderId: '57848989415152792600388',
      clientId: '1656628557115',
      side: 'buy',
      price: '31.35',
      size: '50.00',
      account: 'EfBy8SPWDzfTMFtryMvtnKiRoG3mAhp5AhqRWXwASeCq',
      accountSlot: 4,
      eventTimestamp: '2022-06-30T22:36:00.000Z'
    },
    {
      orderId: '57719862206636815522078',
      clientId: '11',
      side: 'buy',
      price: '31.28',
      size: '1.87',
      account: '3GEnCqGT96yRmR4EbN78zdYzH9j3yA31yFftjqEhg8ii',
      accountSlot: 8,
      eventTimestamp: '2022-07-02T17:52:18.000Z'
    },
    {
      orderId: '57701415462563115174232',
      clientId: '19',
      side: 'buy',
      price: '31.27',
      size: '2.66',
      account: '2YaHcSAiRGSLS5AtZfk1E3pHnA47cekkcvEhkwpd5Ps9',
      accountSlot: 3,
      eventTimestamp: '2022-07-01T03:51:16.000Z'
    },
    ... 126 more items
  ]
}
{
  type: 'subscribed',
  channel: 'level3',
  markets: [ 'SOL-PERP' ],
  timestamp: '2022-07-04T02:33:29.255Z'
}
{
  type: 'open',
  market: 'SOL-PERP',
  timestamp: '2022-07-04T02:33:29.891Z',
  slot: 140114996,
  version: 1,
  orderId: '61298530556937216762705',
  clientId: '2',
  side: 'sell',
  price: '33.23',
  size: '43.52',
  account: '2Fgjpc7bp9jpiTRKSVSsiAcexw8Cawbz7GLJu8MamS9q',
  accountSlot: 30,
  eventTimestamp: '2022-07-04T02:33:27.000Z',
  expiryTimestamp: '2022-07-04T02:33:31.000Z'
}
{
  type: 'open',
  market: 'SOL-PERP',
  timestamp: '2022-07-04T02:33:29.891Z',
  slot: 140114996,
  version: 1,
  orderId: '61316977301010926314323',
  clientId: '4',
  side: 'sell',
  price: '33.24',
  size: '436.95',
  account: '2Fgjpc7bp9jpiTRKSVSsiAcexw8Cawbz7GLJu8MamS9q',
  accountSlot: 31,
  eventTimestamp: '2022-07-04T02:33:27.000Z',
  expiryTimestamp: '2022-07-04T02:33:31.000Z'
}
{
  type: 'open',
  market: 'SOL-PERP',
  timestamp: '2022-07-04T02:33:29.891Z',
  slot: 140114996,
  version: 1,
  orderId: '61372317533232054969151',
  clientId: '1656902007639',
  side: 'sell',
  price: '33.27',
  size: '20.00',
  account: 'J7hzDikx3hQMHftxPRExCWJJCJqmSMMvK6jXPm48aE9o',
  accountSlot: 1,
  eventTimestamp: '2022-07-04T02:33:27.000Z',
  expiryTimestamp: '2022-07-04T02:33:39.000Z'
}
{
  type: 'open',
  market: 'SOL-PERP',
  timestamp: '2022-07-04T02:33:29.891Z',
  slot: 140114996,
  version: 1,
  orderId: '61372317533232054969178',
  clientId: '7116339932742504653',
  side: 'sell',
  price: '33.27',
  size: '153.57',
  account: 'BBPJ9PC2HnTM3uLNiLtwukcwMDg4ejS2yfeynYKRWdWH',
  accountSlot: 3,
  eventTimestamp: '2022-07-04T02:33:27.000Z',
  expiryTimestamp: '2022-07-04T02:33:32.000Z'
}
{
  type: 'open',
  market: 'SOL-PERP',
  timestamp: '2022-07-04T02:33:29.891Z',
  slot: 140114996,
  version: 1,
  orderId: '61390764277305764520797',
  clientId: '1656902007698',
  side: 'sell',
  price: '33.28',
  size: '300.00',
  account: '3CTtZ55HfK4VdwXn4K54W5mdwjp4rg2E28BkRohQZa9d',
  accountSlot: 1,
  eventTimestamp: '2022-07-04T02:33:27.000Z',
  expiryTimestamp: '2022-07-04T02:33:38.000Z'
}
{
  type: 'open',
  market: 'SOL-PERP',
  timestamp: '2022-07-04T02:33:29.891Z',
  slot: 140114996,
  version: 1,
  orderId: '61409211021379474072390',
  clientId: '1656865424906',
  side: 'sell',
  price: '33.29',
  size: '315.51',
  account: 'BidB8zwLLWADJwEDT7m1KfwZ8GWVMSDHFSMgUVtHBr9C',
  accountSlot: 8,
  eventTimestamp: '2022-07-04T02:33:27.000Z',
  expiryTimestamp: '2022-07-04T02:33:32.000Z'
}
{
  type: 'open',
  market: 'SOL-PERP',
  timestamp: '2022-07-04T02:33:29.891Z',
  slot: 140114996,
  version: 1,
  orderId: '61409211021379474072404',
  clientId: '6',
  side: 'sell',
  price: '33.29',
  size: '451.91',
  account: '2Fgjpc7bp9jpiTRKSVSsiAcexw8Cawbz7GLJu8MamS9q',
  accountSlot: 32,
  eventTimestamp: '2022-07-04T02:33:27.000Z',
  expiryTimestamp: '2022-07-04T02:33:36.000Z'
}
{
  type: 'open',
  market: 'SOL-PERP',
  timestamp: '2022-07-04T02:33:29.891Z',
  slot: 140114996,
  version: 1,
  orderId: '61704358926558826898247',
  clientId: '1656865424906',
  side: 'sell',
  price: '33.45',
  size: '315.51',
  account: 'BidB8zwLLWADJwEDT7m1KfwZ8GWVMSDHFSMgUVtHBr9C',
  accountSlot: 9,
  eventTimestamp: '2022-07-04T02:33:27.000Z',
  expiryTimestamp: '2022-07-04T02:33:34.000Z'
}
{
  type: 'open',
  market: 'SOL-PERP',
  timestamp: '2022-07-04T02:33:29.891Z',
  slot: 140114996,
  version: 1,
  orderId: '61722805670632536449877',
  clientId: '8',
  side: 'sell',
  price: '33.46',
  size: '451.91',
  account: '2Fgjpc7bp9jpiTRKSVSsiAcexw8Cawbz7GLJu8MamS9q',
  accountSlot: 33,
  eventTimestamp: '2022-07-04T02:33:27.000Z',
  expiryTimestamp: '2022-07-04T02:33:56.000Z'
}
{
  type: 'open',
  market: 'SOL-PERP',
  timestamp: '2022-07-04T02:33:29.891Z',
  slot: 140114996,
  version: 1,
  orderId: '62294654736917532549960',
  clientId: '1656865424906',
  side: 'sell',
  price: '33.77',
  size: '305.89',
  account: 'BidB8zwLLWADJwEDT7m1KfwZ8GWVMSDHFSMgUVtHBr9C',
  accountSlot: 11,
  eventTimestamp: '2022-07-04T02:33:27.000Z',
  expiryTimestamp: '2022-07-04T02:33:37.000Z'
}
{
  type: 'done',
  market: 'SOL-PERP',
  timestamp: '2022-07-04T02:33:29.891Z',
  slot: 140114996,
  version: 1,
  orderId: '61298530556937216762628',
  clientId: '2',
  side: 'sell',
  reason: 'canceled',
  account: '2Fgjpc7bp9jpiTRKSVSsiAcexw8Cawbz7GLJu8MamS9q',
  accountSlot: 30,
  sizeRemaining: '43.52'
}
{
  type: 'done',
  market: 'SOL-PERP',
  timestamp: '2022-07-04T02:33:29.891Z',
  slot: 140114996,
  version: 1,
  orderId: '61316977301010926314246',
  clientId: '4',
  side: 'sell',
  reason: 'canceled',
  account: '2Fgjpc7bp9jpiTRKSVSsiAcexw8Cawbz7GLJu8MamS9q',
  accountSlot: 31,
  sizeRemaining: '436.88'
}
{
  type: 'done',
  market: 'SOL-PERP',
  timestamp: '2022-07-04T02:33:29.891Z',
  slot: 140114996,
  version: 1,
  orderId: '61353870789158345417455',
  clientId: '1656902002813',
  side: 'sell',
  reason: 'canceled',
  account: '3CTtZ55HfK4VdwXn4K54W5mdwjp4rg2E28BkRohQZa9d',
  accountSlot: 1,
  sizeRemaining: '300.00'
}
{
  type: 'done',
  market: 'SOL-PERP',
  timestamp: '2022-07-04T02:33:29.891Z',
  slot: 140114996,
  version: 1,
  orderId: '61390764277305764520702',
  clientId: '1656902006378',
  side: 'sell',
  reason: 'canceled',
  account: 'J7hzDikx3hQMHftxPRExCWJJCJqmSMMvK6jXPm48aE9o',
  accountSlot: 1,
  sizeRemaining: '20.00'
}
{
  type: 'done',
  market: 'SOL-PERP',
  timestamp: '2022-07-04T02:33:29.891Z',
  slot: 140114996,
  version: 1,
  orderId: '61409211021379474072335',
  clientId: '1656865424786',
  side: 'sell',
  reason: 'canceled',
  account: 'BidB8zwLLWADJwEDT7m1KfwZ8GWVMSDHFSMgUVtHBr9C',
  accountSlot: 8,
  sizeRemaining: '315.42'
}
{
  type: 'done',
  market: 'SOL-PERP',
  timestamp: '2022-07-04T02:33:29.891Z',
  slot: 140114996,
  version: 1,
  orderId: '61427657765453183623943',
  clientId: '6',
  side: 'sell',
  reason: 'canceled',
  account: '2Fgjpc7bp9jpiTRKSVSsiAcexw8Cawbz7GLJu8MamS9q',
  accountSlot: 32,
  sizeRemaining: '451.83'
}
{
  type: 'done',
  market: 'SOL-PERP',
  timestamp: '2022-07-04T02:33:29.891Z',
  slot: 140114996,
  version: 1,
  orderId: '61704358926558826898192',
  clientId: '1656865424786',
  side: 'sell',
  reason: 'canceled',
  account: 'BidB8zwLLWADJwEDT7m1KfwZ8GWVMSDHFSMgUVtHBr9C',
  accountSlot: 9,
  sizeRemaining: '315.42'
}
{
  type: 'done',
  market: 'SOL-PERP',
  timestamp: '2022-07-04T02:33:29.891Z',
  slot: 140114996,
  version: 1,
  orderId: '61722805670632536449800',
  clientId: '8',
  side: 'sell',
  reason: 'canceled',
  account: '2Fgjpc7bp9jpiTRKSVSsiAcexw8Cawbz7GLJu8MamS9q',
  accountSlot: 33,
  sizeRemaining: '451.83'
}
{
  type: 'done',
  market: 'SOL-PERP',
  timestamp: '2022-07-04T02:33:29.891Z',
  slot: 140114996,
  version: 1,
  orderId: '62294654736917532549905',
  clientId: '1656865424786',
  side: 'sell',
  reason: 'canceled',
  account: 'BidB8zwLLWADJwEDT7m1KfwZ8GWVMSDHFSMgUVtHBr9C',
  accountSlot: 11,
  sizeRemaining: '306.07'
}
{
  type: 'open',
  market: 'SOL-PERP',
  timestamp: '2022-07-04T02:33:29.891Z',
  slot: 140114996,
  version: 1,
  orderId: '61169403348420496415922',
  clientId: '1',
  side: 'buy',
  price: '33.15',
  size: '46.85',
  account: '2Fgjpc7bp9jpiTRKSVSsiAcexw8Cawbz7GLJu8MamS9q',
  accountSlot: 8,
  eventTimestamp: '2022-07-04T02:33:27.000Z',
  expiryTimestamp: '2022-07-04T02:33:31.000Z'
}
{
  type: 'open',
  market: 'SOL-PERP',
  timestamp: '2022-07-04T02:33:29.891Z',
  slot: 140114996,
  version: 1,
  orderId: '61169403348420496415910',
  clientId: '7116339932742504652',
  side: 'buy',
  price: '33.15',
  size: '153.57',
  account: 'BBPJ9PC2HnTM3uLNiLtwukcwMDg4ejS2yfeynYKRWdWH',
  accountSlot: 2,
  eventTimestamp: '2022-07-04T02:33:27.000Z',
  expiryTimestamp: '2022-07-04T02:33:32.000Z'
}
{
  type: 'open',
  market: 'SOL-PERP',
  timestamp: '2022-07-04T02:33:29.891Z',
  slot: 140114996,
  version: 1,
  orderId: '61150956604346786864321',
  clientId: '1656902007628',
  side: 'buy',
  price: '33.14',
  size: '20.00',
  account: 'J7hzDikx3hQMHftxPRExCWJJCJqmSMMvK6jXPm48aE9o',
  accountSlot: 0,
  eventTimestamp: '2022-07-04T02:33:27.000Z',
  expiryTimestamp: '2022-07-04T02:33:39.000Z'
}
{
  type: 'open',
  market: 'SOL-PERP',
  timestamp: '2022-07-04T02:33:29.891Z',
  slot: 140114996,
  version: 1,
  orderId: '61150956604346786864305',
  clientId: '3',
  side: 'buy',
  price: '33.14',
  size: '466.86',
  account: '2Fgjpc7bp9jpiTRKSVSsiAcexw8Cawbz7GLJu8MamS9q',
  accountSlot: 9,
  eventTimestamp: '2022-07-04T02:33:27.000Z',
  expiryTimestamp: '2022-07-04T02:33:31.000Z'
}
{
  type: 'open',
  market: 'SOL-PERP',
  timestamp: '2022-07-04T02:33:29.891Z',
  slot: 140114996,
  version: 1,
  orderId: '61132509860273077312694',
  clientId: '1656865424905',
  side: 'buy',
  price: '33.13',
  size: '317.03',
  account: 'BidB8zwLLWADJwEDT7m1KfwZ8GWVMSDHFSMgUVtHBr9C',
  accountSlot: 12,
  eventTimestamp: '2022-07-04T02:33:27.000Z',
  expiryTimestamp: '2022-07-04T02:33:32.000Z'
}
{
  type: 'open',
  market: 'SOL-PERP',
  timestamp: '2022-07-04T02:33:29.891Z',
  slot: 140114996,
  version: 1,
  orderId: '61132509860273077312675',
  clientId: '1656902007686',
  side: 'buy',
  price: '33.13',
  size: '300.00',
  account: '3CTtZ55HfK4VdwXn4K54W5mdwjp4rg2E28BkRohQZa9d',
  accountSlot: 0,
  eventTimestamp: '2022-07-04T02:33:27.000Z',
  expiryTimestamp: '2022-07-04T02:33:38.000Z'
}
{
  type: 'open',
  market: 'SOL-PERP',
  timestamp: '2022-07-04T02:33:29.891Z',
  slot: 140114996,
  version: 1,
  orderId: '61058722883978239106224',
  clientId: '5',
  side: 'buy',
  price: '33.09',
  size: '451.91',
  account: '2Fgjpc7bp9jpiTRKSVSsiAcexw8Cawbz7GLJu8MamS9q',
  accountSlot: 19,
  eventTimestamp: '2022-07-04T02:33:27.000Z',
  expiryTimestamp: '2022-07-04T02:33:36.000Z'
}
{
  type: 'open',
  market: 'SOL-PERP',
  timestamp: '2022-07-04T02:33:29.891Z',
  slot: 140114996,
  version: 1,
  orderId: '60837361955093724486837',
  clientId: '1656865424905',
  side: 'buy',
  price: '32.97',
  size: '317.03',
  account: 'BidB8zwLLWADJwEDT7m1KfwZ8GWVMSDHFSMgUVtHBr9C',
  accountSlot: 14,
  eventTimestamp: '2022-07-04T02:33:27.000Z',
  expiryTimestamp: '2022-07-04T02:33:34.000Z'
}
{
  type: 'open',
  market: 'SOL-PERP',
  timestamp: '2022-07-04T02:33:29.891Z',
  slot: 140114996,
  version: 1,
  orderId: '60745128234725176728751',
  clientId: '7',
  side: 'buy',
  price: '32.92',
  size: '451.91',
  account: '2Fgjpc7bp9jpiTRKSVSsiAcexw8Cawbz7GLJu8MamS9q',
  accountSlot: 20,
  eventTimestamp: '2022-07-04T02:33:27.000Z',
  expiryTimestamp: '2022-07-04T02:33:56.000Z'
}
{
  type: 'open',
  market: 'SOL-PERP',
  timestamp: '2022-07-04T02:33:29.891Z',
  slot: 140114996,
  version: 1,
  orderId: '60247066144735018835124',
  clientId: '1656865424905',
  side: 'buy',
  price: '32.65',
  size: '429.03',
  account: 'BidB8zwLLWADJwEDT7m1KfwZ8GWVMSDHFSMgUVtHBr9C',
  accountSlot: 15,
  eventTimestamp: '2022-07-04T02:33:27.000Z',
  expiryTimestamp: '2022-07-04T02:33:37.000Z'
}
{
  type: 'done',
  market: 'SOL-PERP',
  timestamp: '2022-07-04T02:33:29.891Z',
  slot: 140114996,
  version: 1,
  orderId: '61169403348420496416017',
  clientId: '1656902002805',
  side: 'buy',
  reason: 'canceled',
  account: '3CTtZ55HfK4VdwXn4K54W5mdwjp4rg2E28BkRohQZa9d',
  accountSlot: 0,
  sizeRemaining: '300.00'
}
{
  type: 'done',
  market: 'SOL-PERP',
  timestamp: '2022-07-04T02:33:29.891Z',
  slot: 140114996,
  version: 1,
  orderId: '61169403348420496415999',
  clientId: '1',
  side: 'buy',
  reason: 'canceled',
  account: '2Fgjpc7bp9jpiTRKSVSsiAcexw8Cawbz7GLJu8MamS9q',
  accountSlot: 8,
  sizeRemaining: '46.84'
}
{
  type: 'done',
  market: 'SOL-PERP',
  timestamp: '2022-07-04T02:33:29.891Z',
  slot: 140114996,
  version: 1,
  orderId: '61150956604346786864386',
  clientId: '1656902006370',
  side: 'buy',
  reason: 'canceled',
  account: 'J7hzDikx3hQMHftxPRExCWJJCJqmSMMvK6jXPm48aE9o',
  accountSlot: 0,
  sizeRemaining: '20.00'
}
{
  type: 'done',
  market: 'SOL-PERP',
  timestamp: '2022-07-04T02:33:29.891Z',
  slot: 140114996,
  version: 1,
  orderId: '61150956604346786864382',
  clientId: '3',
  side: 'buy',
  reason: 'canceled',
  account: '2Fgjpc7bp9jpiTRKSVSsiAcexw8Cawbz7GLJu8MamS9q',
  accountSlot: 9,
  sizeRemaining: '466.78'
}
{
  type: 'done',
  market: 'SOL-PERP',
  timestamp: '2022-07-04T02:33:29.891Z',
  slot: 140114996,
  version: 1,
  orderId: '61132509860273077312749',
  clientId: '1656865424785',
  side: 'buy',
  reason: 'canceled',
  account: 'BidB8zwLLWADJwEDT7m1KfwZ8GWVMSDHFSMgUVtHBr9C',
  accountSlot: 12,
  sizeRemaining: '316.94'
}
{
  type: 'done',
  market: 'SOL-PERP',
  timestamp: '2022-07-04T02:33:29.891Z',
  slot: 140114996,
  version: 1,
  orderId: '61058722883978239106301',
  clientId: '5',
  side: 'buy',
  reason: 'canceled',
  account: '2Fgjpc7bp9jpiTRKSVSsiAcexw8Cawbz7GLJu8MamS9q',
  accountSlot: 19,
  sizeRemaining: '451.83'
}
{
  type: 'done',
  market: 'SOL-PERP',
  timestamp: '2022-07-04T02:33:29.891Z',
  slot: 140114996,
  version: 1,
  orderId: '60837361955093724486892',
  clientId: '1656865424785',
  side: 'buy',
  reason: 'canceled',
  account: 'BidB8zwLLWADJwEDT7m1KfwZ8GWVMSDHFSMgUVtHBr9C',
  accountSlot: 14,
  sizeRemaining: '316.94'
}
{
  type: 'done',
  market: 'SOL-PERP',
  timestamp: '2022-07-04T02:33:29.891Z',
  slot: 140114996,
  version: 1,
  orderId: '60745128234725176728828',
  clientId: '7',
  side: 'buy',
  reason: 'canceled',
  account: '2Fgjpc7bp9jpiTRKSVSsiAcexw8Cawbz7GLJu8MamS9q',
  accountSlot: 20,
  sizeRemaining: '451.83'
}
{
  type: 'done',
  market: 'SOL-PERP',
  timestamp: '2022-07-04T02:33:29.891Z',
  slot: 140114996,
  version: 1,
  orderId: '60247066144735018835179',
  clientId: '1656865424785',
  side: 'buy',
  reason: 'canceled',
  account: 'BidB8zwLLWADJwEDT7m1KfwZ8GWVMSDHFSMgUVtHBr9C',
  accountSlot: 15,
  sizeRemaining: '429.21'
}
